usage: btc_quant_intro_analysis.py [-h] --csv CSV [--out-dir OUT_DIR] [--k K]
                                   [--window WINDOW] [--topk TOPK]
                                   [--horizon HORIZON]
btc_quant_intro_analysis.py: error: the following arguments are required: --csv
urllib3.exceptions.SSLError: [SSL: UNEXPECTED_EOF_WHILE_READING] EOF occurred in violation of protocol (_ssl.c:1032)

The above exception was the direct cause of the following exception:

Traceback (most recent call last):
  File "/opt/miniconda3/lib/python3.13/site-packages/requests/adapters.py", line 644, in send
    resp = conn.urlopen(
        method=request.method,
    ...<9 lines>...
        chunked=chunked,
    )
  File "/opt/miniconda3/lib/python3.13/site-packages/urllib3/connectionpool.py", line 841, in urlopen
    retries = retries.increment(
        method, url, error=new_e, _pool=self, _stacktrace=sys.exc_info()[2]
    )
  File "/opt/miniconda3/lib/python3.13/site-packages/urllib3/util/retry.py", line 519, in increment
    raise MaxRetryError(_pool, url, reason) from reason  # type: ignore[arg-type]
    ^^^^^^^^^^^^^^^^^^^^^^^^^^^^^^^^^^^^^^^^^^^^^^^^^^^
urllib3.exceptions.MaxRetryError: HTTPSConnectionPool(host='api.coingecko.com', port=443): Max retries exceeded with url: /api/v3/coins/bitcoin/market_chart?vs_currency=usd&days=2 (Caused by SSLError(SSLEOFError(8, '[SSL: UNEXPECTED_EOF_WHILE_READING] EOF occurred in violation of protocol (_ssl.c:1032)')))

During handling of the above exception, another exception occurred:

Traceback (most recent call last):
  File "/Users/qiupengchao/lab/btc/btc_quant_intro_analysis.py", line 975, in <module>
    main()
    ~~~~^^
  File "/Users/qiupengchao/lab/btc/btc_quant_intro_analysis.py", line 946, in main
    df_price, updated, source_note = update_price_csv(csv_path)
                                     ~~~~~~~~~~~~~~~~^^^^^^^^^^
  File "/Users/qiupengchao/lab/btc/btc_quant_intro_analysis.py", line 272, in update_price_csv
    inc = fetch_btcusd_daily_increment_from_coingecko(last_date=local_last, timeout=60)
  File "/Users/qiupengchao/lab/btc/btc_quant_intro_analysis.py", line 127, in fetch_btcusd_daily_increment_from_coingecko
    resp = requests.get(url, params=params, timeout=timeout)
  File "/opt/miniconda3/lib/python3.13/site-packages/requests/api.py", line 73, in get
    return request("get", url, params=params, **kwargs)
  File "/opt/miniconda3/lib/python3.13/site-packages/requests/api.py", line 59, in request
    return session.request(method=method, url=url, **kwargs)
           ~~~~~~~~~~~~~~~^^^^^^^^^^^^^^^^^^^^^^^^^^^^^^^^^^
  File "/opt/miniconda3/lib/python3.13/site-packages/requests/sessions.py", line 589, in request
    resp = self.send(prep, **send_kwargs)
  File "/opt/miniconda3/lib/python3.13/site-packages/requests/sessions.py", line 703, in send
    r = adapter.send(request, **kwargs)
  File "/opt/miniconda3/lib/python3.13/site-packages/requests/adapters.py", line 675, in send
    raise SSLError(e, request=request)
requests.exceptions.SSLError: HTTPSConnectionPool(host='api.coingecko.com', port=443): Max retries exceeded with url: /api/v3/coins/bitcoin/market_chart?vs_currency=usd&days=2 (Caused by SSLError(SSLEOFError(8, '[SSL: UNEXPECTED_EOF_WHILE_READING] EOF occurred in violation of protocol (_ssl.c:1032)')))
urllib3.exceptions.SSLError: [SSL: UNEXPECTED_EOF_WHILE_READING] EOF occurred in violation of protocol (_ssl.c:1032)

The above exception was the direct cause of the following exception:

Traceback (most recent call last):
  File "/opt/miniconda3/lib/python3.13/site-packages/requests/adapters.py", line 644, in send
    resp = conn.urlopen(
        method=request.method,
    ...<9 lines>...
        chunked=chunked,
    )
  File "/opt/miniconda3/lib/python3.13/site-packages/urllib3/connectionpool.py", line 841, in urlopen
    retries = retries.increment(
        method, url, error=new_e, _pool=self, _stacktrace=sys.exc_info()[2]
    )
  File "/opt/miniconda3/lib/python3.13/site-packages/urllib3/util/retry.py", line 519, in increment
    raise MaxRetryError(_pool, url, reason) from reason  # type: ignore[arg-type]
    ^^^^^^^^^^^^^^^^^^^^^^^^^^^^^^^^^^^^^^^^^^^^^^^^^^^
urllib3.exceptions.MaxRetryError: HTTPSConnectionPool(host='api.coingecko.com', port=443): Max retries exceeded with url: /api/v3/coins/bitcoin/market_chart?vs_currency=usd&days=2 (Caused by SSLError(SSLEOFError(8, '[SSL: UNEXPECTED_EOF_WHILE_READING] EOF occurred in violation of protocol (_ssl.c:1032)')))

During handling of the above exception, another exception occurred:

Traceback (most recent call last):
  File "/Users/qiupengchao/lab/btc/btc_quant_intro_analysis.py", line 975, in <module>
    main()
    ~~~~^^
  File "/Users/qiupengchao/lab/btc/btc_quant_intro_analysis.py", line 946, in main
    df_price, updated, source_note = update_price_csv(csv_path)
                                     ~~~~~~~~~~~~~~~~^^^^^^^^^^
  File "/Users/qiupengchao/lab/btc/btc_quant_intro_analysis.py", line 272, in update_price_csv
    inc = fetch_btcusd_daily_increment_from_coingecko(last_date=local_last, timeout=60)
  File "/Users/qiupengchao/lab/btc/btc_quant_intro_analysis.py", line 127, in fetch_btcusd_daily_increment_from_coingecko
    resp = requests.get(url, params=params, timeout=timeout)
  File "/opt/miniconda3/lib/python3.13/site-packages/requests/api.py", line 73, in get
    return request("get", url, params=params, **kwargs)
  File "/opt/miniconda3/lib/python3.13/site-packages/requests/api.py", line 59, in request
    return session.request(method=method, url=url, **kwargs)
           ~~~~~~~~~~~~~~~^^^^^^^^^^^^^^^^^^^^^^^^^^^^^^^^^^
  File "/opt/miniconda3/lib/python3.13/site-packages/requests/sessions.py", line 589, in request
    resp = self.send(prep, **send_kwargs)
  File "/opt/miniconda3/lib/python3.13/site-packages/requests/sessions.py", line 703, in send
    r = adapter.send(request, **kwargs)
  File "/opt/miniconda3/lib/python3.13/site-packages/requests/adapters.py", line 675, in send
    raise SSLError(e, request=request)
requests.exceptions.SSLError: HTTPSConnectionPool(host='api.coingecko.com', port=443): Max retries exceeded with url: /api/v3/coins/bitcoin/market_chart?vs_currency=usd&days=2 (Caused by SSLError(SSLEOFError(8, '[SSL: UNEXPECTED_EOF_WHILE_READING] EOF occurred in violation of protocol (_ssl.c:1032)')))
urllib3.exceptions.SSLError: [SSL: UNEXPECTED_EOF_WHILE_READING] EOF occurred in violation of protocol (_ssl.c:1032)

The above exception was the direct cause of the following exception:

Traceback (most recent call last):
  File "/opt/miniconda3/lib/python3.13/site-packages/requests/adapters.py", line 644, in send
    resp = conn.urlopen(
        method=request.method,
    ...<9 lines>...
        chunked=chunked,
    )
  File "/opt/miniconda3/lib/python3.13/site-packages/urllib3/connectionpool.py", line 841, in urlopen
    retries = retries.increment(
        method, url, error=new_e, _pool=self, _stacktrace=sys.exc_info()[2]
    )
  File "/opt/miniconda3/lib/python3.13/site-packages/urllib3/util/retry.py", line 519, in increment
    raise MaxRetryError(_pool, url, reason) from reason  # type: ignore[arg-type]
    ^^^^^^^^^^^^^^^^^^^^^^^^^^^^^^^^^^^^^^^^^^^^^^^^^^^
urllib3.exceptions.MaxRetryError: HTTPSConnectionPool(host='api.coingecko.com', port=443): Max retries exceeded with url: /api/v3/coins/bitcoin/market_chart?vs_currency=usd&days=2 (Caused by SSLError(SSLEOFError(8, '[SSL: UNEXPECTED_EOF_WHILE_READING] EOF occurred in violation of protocol (_ssl.c:1032)')))

During handling of the above exception, another exception occurred:

Traceback (most recent call last):
  File "/Users/qiupengchao/lab/btc/btc_quant_intro_analysis.py", line 975, in <module>
    main()
    ~~~~^^
  File "/Users/qiupengchao/lab/btc/btc_quant_intro_analysis.py", line 946, in main
    df_price, updated, source_note = update_price_csv(csv_path)
                                     ~~~~~~~~~~~~~~~~^^^^^^^^^^
  File "/Users/qiupengchao/lab/btc/btc_quant_intro_analysis.py", line 272, in update_price_csv
    inc = fetch_btcusd_daily_increment_from_coingecko(last_date=local_last, timeout=60)
  File "/Users/qiupengchao/lab/btc/btc_quant_intro_analysis.py", line 127, in fetch_btcusd_daily_increment_from_coingecko
    resp = requests.get(url, params=params, timeout=timeout)
  File "/opt/miniconda3/lib/python3.13/site-packages/requests/api.py", line 73, in get
    return request("get", url, params=params, **kwargs)
  File "/opt/miniconda3/lib/python3.13/site-packages/requests/api.py", line 59, in request
    return session.request(method=method, url=url, **kwargs)
           ~~~~~~~~~~~~~~~^^^^^^^^^^^^^^^^^^^^^^^^^^^^^^^^^^
  File "/opt/miniconda3/lib/python3.13/site-packages/requests/sessions.py", line 589, in request
    resp = self.send(prep, **send_kwargs)
  File "/opt/miniconda3/lib/python3.13/site-packages/requests/sessions.py", line 703, in send
    r = adapter.send(request, **kwargs)
  File "/opt/miniconda3/lib/python3.13/site-packages/requests/adapters.py", line 675, in send
    raise SSLError(e, request=request)
requests.exceptions.SSLError: HTTPSConnectionPool(host='api.coingecko.com', port=443): Max retries exceeded with url: /api/v3/coins/bitcoin/market_chart?vs_currency=usd&days=2 (Caused by SSLError(SSLEOFError(8, '[SSL: UNEXPECTED_EOF_WHILE_READING] EOF occurred in violation of protocol (_ssl.c:1032)')))
